TN:
SF:src\services\api.ts
FN:7,resolveBaseURL
FN:28,(anonymous_1)
FN:35,(anonymous_2)
FN:48,(anonymous_3)
FN:49,(anonymous_4)
FNF:5
FNH:2
FNDA:1,resolveBaseURL
FNDA:0,(anonymous_1)
FNDA:0,(anonymous_2)
FNDA:0,(anonymous_3)
FNDA:2,(anonymous_4)
DA:8,1
DA:9,1
DA:11,1
DA:14,1
DA:16,1
DA:25,1
DA:29,0
DA:35,1
DA:36,0
DA:38,0
DA:39,0
DA:42,0
DA:46,1
DA:48,0
DA:50,2
DA:51,2
DA:52,2
DA:54,2
DA:55,2
DA:56,2
DA:57,2
DA:58,2
DA:59,2
DA:63,1
DA:64,1
DA:65,1
DA:66,1
DA:67,1
DA:69,1
DA:72,1
DA:74,0
DA:75,0
DA:78,1
LF:33
LH:25
BRDA:8,0,0,1
BRDA:8,0,1,1
BRDA:11,1,0,0
BRDA:11,1,1,1
BRDA:29,2,0,0
BRDA:29,2,1,0
BRDA:29,2,2,0
BRDA:38,3,0,0
BRDA:38,3,1,0
BRDA:38,4,0,0
BRDA:38,4,1,0
BRDA:50,5,0,2
BRDA:50,5,1,0
BRDA:50,6,0,2
BRDA:50,6,1,2
BRDA:54,7,0,2
BRDA:54,7,1,0
BRDA:54,8,0,2
BRDA:54,8,1,2
BRDA:54,8,2,2
BRDA:54,8,3,2
BRDA:58,9,0,2
BRDA:58,9,1,0
BRDA:66,10,0,1
BRDA:66,10,1,0
BRDA:74,11,0,0
BRDA:74,11,1,0
BRF:27
BRH:13
end_of_record
TN:
SF:src\store\AuthContext.tsx
FN:59,normalizeRole
FN:87,mapBackendUser
FN:104,AuthProvider
FN:114,(anonymous_3)
FN:118,restoreSession
FN:123,(anonymous_5)
FN:139,(anonymous_6)
FN:153,(anonymous_7)
FN:154,requestTokens
FN:219,(anonymous_9)
FN:229,(anonymous_10)
FN:242,(anonymous_11)
FN:251,useAuth
FNF:13
FNH:12
FNDA:3,normalizeRole
FNDA:3,mapBackendUser
FNDA:10,AuthProvider
FNDA:4,(anonymous_3)
FNDA:4,restoreSession
FNDA:2,(anonymous_5)
FNDA:1,(anonymous_6)
FNDA:2,(anonymous_7)
FNDA:2,requestTokens
FNDA:0,(anonymous_9)
FNDA:1,(anonymous_10)
FNDA:10,(anonymous_11)
FNDA:10,useAuth
DA:33,1
DA:34,1
DA:57,1
DA:60,3
DA:62,3
DA:67,1
DA:70,2
DA:76,0
DA:79,2
DA:80,1
DA:83,1
DA:84,1
DA:88,3
DA:89,3
DA:91,3
DA:107,10
DA:114,10
DA:115,4
DA:119,4
DA:120,4
DA:121,4
DA:123,2
DA:124,2
DA:126,2
DA:127,1
DA:134,1
DA:135,1
DA:137,1
DA:139,1
DA:140,1
DA:143,0
DA:144,0
DA:153,10
DA:157,2
DA:160,2
DA:161,2
DA:166,2
DA:168,2
DA:170,2
DA:171,0
DA:174,2
DA:175,2
DA:177,2
DA:178,2
DA:185,1
DA:186,0
DA:187,0
DA:188,0
DA:191,0
DA:201,0
DA:202,0
DA:203,0
DA:208,0
DA:211,1
DA:212,1
DA:218,10
DA:220,0
DA:222,0
DA:223,0
DA:229,10
DA:230,1
DA:231,1
DA:239,10
DA:242,10
DA:252,10
DA:253,10
DA:254,10
LF:67
LH:52
BRDA:62,0,0,1
BRDA:62,0,1,2
BRDA:63,1,0,3
BRDA:63,1,1,2
BRDA:63,1,2,2
BRDA:70,2,0,0
BRDA:70,2,1,2
BRDA:71,3,0,2
BRDA:71,3,1,2
BRDA:71,3,2,2
BRDA:71,3,3,2
BRDA:79,4,0,1
BRDA:79,4,1,1
BRDA:79,5,0,2
BRDA:79,5,1,1
BRDA:88,6,0,3
BRDA:88,6,1,1
BRDA:98,7,0,2
BRDA:98,7,1,0
BRDA:121,8,0,2
BRDA:121,8,1,2
BRDA:134,9,0,1
BRDA:134,9,1,0
BRDA:137,10,0,1
BRDA:137,10,1,0
BRDA:137,11,0,1
BRDA:137,11,1,0
BRDA:170,12,0,0
BRDA:170,12,1,2
BRDA:170,13,0,2
BRDA:170,13,1,2
BRDA:185,14,0,0
BRDA:185,14,1,1
BRDA:191,15,0,0
BRDA:191,15,1,0
BRDA:193,16,0,0
BRDA:193,16,1,0
BRDA:193,16,2,0
BRDA:193,16,3,0
BRDA:193,16,4,0
BRDA:193,16,5,0
BRDA:194,17,0,0
BRDA:194,17,1,0
BRDA:201,18,0,0
BRDA:201,18,1,0
BRDA:212,19,0,1
BRDA:212,19,1,0
BRDA:222,20,0,0
BRDA:222,20,1,0
BRDA:253,21,0,0
BRDA:253,21,1,10
BRF:51
BRH:28
end_of_record
